# JRE version: Java(TM) SE Runtime Environment (8.0_181-b13) (build 1.8.0_181-b13)
# Java VM: Java HotSpot(TM) 64-Bit Server VM (25.181-b13 mixed mode windows-amd64 compressed oops)
Heap:
 garbage-first heap   total 260096K, used 144895K [0x00000000c0000000, 0x00000000c01007f0, 0x0000000100000000)
  region size 1024K, 108 young (110592K), 6 survivors (6144K)
 Metaspace       used 39666K, capacity 41878K, committed 42112K, reserved 1087488K
  class space    used 4332K, capacity 4987K, committed 4992K, reserved 1048576K
GC Heap History (10 events):
Event: 4.211 GC heap before
{Heap before GC invocations=1 (full 0):
 garbage-first heap   total 260096K, used 20871K [0x00000000c0000000, 0x00000000c01007f0, 0x0000000100000000)
  region size 1024K, 19 young (19456K), 2 survivors (2048K)
 Metaspace       used 11436K, capacity 12226K, committed 12416K, reserved 1060864K
  class space    used 1178K, capacity 1353K, committed 1408K, reserved 1048576K
Event: 4.221 GC heap after
Heap after GC invocations=2 (full 0):
 garbage-first heap   total 260096K, used 9210K [0x00000000c0000000, 0x00000000c01007f0, 0x0000000100000000)
  region size 1024K, 3 young (3072K), 3 survivors (3072K)
 Metaspace       used 11436K, capacity 12226K, committed 12416K, reserved 1060864K
  class space    used 1178K, capacity 1353K, committed 1408K, reserved 1048576K
}
Event: 4.862 GC heap before
{Heap before GC invocations=2 (full 0):
 garbage-first heap   total 260096K, used 30714K [0x00000000c0000000, 0x00000000c01007f0, 0x0000000100000000)
  region size 1024K, 24 young (24576K), 3 survivors (3072K)
 Metaspace       used 17516K, capacity 18434K, committed 18688K, reserved 1067008K
  class space    used 1728K, capacity 2019K, committed 2048K, reserved 1048576K
Event: 4.871 GC heap after
Heap after GC invocations=3 (full 0):
 garbage-first heap   total 260096K, used 16384K [0x00000000c0000000, 0x00000000c01007f0, 0x0000000100000000)
  region size 1024K, 3 young (3072K), 3 survivors (3072K)
 Metaspace       used 17516K, capacity 18434K, committed 18688K, reserved 1067008K
  class space    used 1728K, capacity 2019K, committed 2048K, reserved 1048576K
}
Event: 5.266 GC heap before
{Heap before GC invocations=3 (full 0):
 garbage-first heap   total 260096K, used 36864K [0x00000000c0000000, 0x00000000c01007f0, 0x0000000100000000)
  region size 1024K, 24 young (24576K), 3 survivors (3072K)
 Metaspace       used 20188K, capacity 21152K, committed 21296K, reserved 1069056K
  class space    used 2108K, capacity 2417K, committed 2432K, reserved 1048576K
Event: 5.272 GC heap after
Heap after GC invocations=4 (full 0):
 garbage-first heap   total 260096K, used 19314K [0x00000000c0000000, 0x00000000c01007f0, 0x0000000100000000)
  region size 1024K, 6 young (6144K), 6 survivors (6144K)
 Metaspace       used 20188K, capacity 21152K, committed 21296K, reserved 1069056K
  class space    used 2108K, capacity 2417K, committed 2432K, reserved 1048576K
}
Event: 8.289 GC heap before
{Heap before GC invocations=5 (full 0):
 garbage-first heap   total 260096K, used 136050K [0x00000000c0000000, 0x00000000c01007f0, 0x0000000100000000)
  region size 1024K, 126 young (129024K), 6 survivors (6144K)
 Metaspace       used 33855K, capacity 35956K, committed 36048K, reserved 1081344K
  class space    used 3769K, capacity 4422K, committed 4480K, reserved 1048576K
Event: 8.324 GC heap after
Heap after GC invocations=6 (full 0):
 garbage-first heap   total 260096K, used 37509K [0x00000000c0000000, 0x00000000c01007f0, 0x0000000100000000)
  region size 1024K, 18 young (18432K), 18 survivors (18432K)
 Metaspace       used 33855K, capacity 35956K, committed 36048K, reserved 1081344K
  class space    used 3769K, capacity 4422K, committed 4480K, reserved 1048576K
}
Event: 46.812 GC heap before
{Heap before GC invocations=7 (full 0):
 garbage-first heap   total 260096K, used 174725K [0x00000000c0000000, 0x00000000c01007f0, 0x0000000100000000)
  region size 1024K, 152 young (155648K), 18 survivors (18432K)
 Metaspace       used 37717K, capacity 39860K, committed 40192K, reserved 1085440K
  class space    used 4181K, capacity 4854K, committed 4864K, reserved 1048576K
Event: 46.842 GC heap after
Heap after GC invocations=8 (full 0):
 garbage-first heap   total 260096K, used 41471K [0x00000000c0000000, 0x00000000c01007f0, 0x0000000100000000)
  region size 1024K, 6 young (6144K), 6 survivors (6144K)
 Metaspace       used 37717K, capacity 39860K, committed 40192K, reserved 1085440K
  class space    used 4181K, capacity 4854K, committed 4864K, reserved 1048576K
}

